<?xml version="1.0" encoding="UTF-8"?>
<testsuite name="EmployeePayrollServiceTest" tests="1" skipped="0" failures="0" errors="0" timestamp="2022-05-31T17:19:51" hostname="hp-440-G5" time="0.208">
  <properties/>
  <testcase name="createTableInDB()" classname="EmployeePayrollServiceTest" time="0.208"/>
  <system-out><![CDATA[DB Connected Successfully
Created table in given database...
]]></system-out>
  <system-err><![CDATA[]]></system-err>
</testsuite>
