<?xml version="1.0" encoding="UTF-8"?>
<testsuite name="EmployeePayrollServiceTest" tests="1" skipped="0" failures="0" errors="0" timestamp="2022-06-01T03:36:17" hostname="hp-440-G5" time="0.23">
  <properties/>
  <testcase name="retriveSalary_DataOfEmployee_UsingWhereClause()" classname="EmployeePayrollServiceTest" time="0.23"/>
  <system-out><![CDATA[DB Connected Successfully
Bill
1000000.0
Tersia
2000000.0
charlie
3000000.0
]]></system-out>
  <system-err><![CDATA[]]></system-err>
</testsuite>
